At time 1 process 1 started arr 1 total 12 remain 12 wait 0
At time 3 process 1 stopped arr 1 total 12 remain 10 wait 0
At time 3 process 2 started arr 2 total 8 remain 8 wait 1
At time 5 process 2 stopped arr 2 total 8 remain 6 wait 1
At time 5 process 1 resumed arr 1 total 12 remain 9 wait 0
At time 7 process 1 stopped arr 1 total 12 remain 7 wait 0
At time 7 process 2 resumed arr 2 total 8 remain 6 wait 1
At time 9 process 2 stopped arr 2 total 8 remain 3 wait 1
At time 9 process 1 resumed arr 1 total 12 remain 7 wait 0
At time 11 process 1 stopped arr 1 total 12 remain 4 wait 0
At time 11 process 2 resumed arr 2 total 8 remain 3 wait 1
At time 13 process 2 finished arr 2 total 8 remain 0 wait 1 TA 11 WTA 1.38
At time 13 process 1 resumed arr 1 total 12 remain 4 wait 0
At time 15 process 1 stopped arr 1 total 12 remain 1 wait 0
At time 15 process 3 started arr 12 total 9 remain 9 wait 3
At time 17 process 3 stopped arr 12 total 9 remain 7 wait 3
At time 17 process 1 finished arr 1 total 12 remain 0 wait 0 TA 16 WTA 1.33
At time 17 process 1292349518 resumed arr -1581240854 total 12 remain 0 wait 0
At time 17 process 4 started arr 16 total 5 remain 5 wait 1
At time 19 process 4 stopped arr 16 total 5 remain 4 wait 1
At time 19 process 3 resumed arr 12 total 9 remain 6 wait 3
At time 21 process 3 stopped arr 12 total 9 remain 4 wait 3
At time 21 process 5 started arr 18 total 8 remain 8 wait 3
At time 23 process 5 stopped arr 18 total 8 remain 6 wait 3
At time 23 process 4 resumed arr 16 total 5 remain 3 wait 1
At time 25 process 4 stopped arr 16 total 5 remain 1 wait 1
At time 25 process 3 resumed arr 12 total 9 remain 3 wait 3
At time 27 process 3 stopped arr 12 total 9 remain 1 wait 3
At time 27 process 6 started arr 22 total 10 remain 10 wait 5
At time 29 process 6 stopped arr 22 total 10 remain 8 wait 5
At time 29 process 5 resumed arr 18 total 8 remain 5 wait 3
At time 31 process 5 stopped arr 18 total 8 remain 3 wait 3
At time 31 process 7 started arr 24 total 6 remain 6 wait 7
At time 33 process 7 stopped arr 24 total 6 remain 4 wait 7
At time 33 process 4 finished arr 16 total 5 remain 0 wait 1 TA 17 WTA 3.40
At time 33 process 1292349518 resumed arr -1581240854 total 5 remain 0 wait 1
At time 33 process 8 started arr 26 total 3 remain 3 wait 7
At time 35 process 8 stopped arr 26 total 3 remain 1 wait 7
At time 35 process 3 resumed arr 12 total 9 remain 1 wait 3
At time 35 process 3 finished arr 12 total 9 remain 0 wait 3 TA 23 WTA 2.56
At time 35 process 6 resumed arr 22 total 10 remain 8 wait 5
At time 37 process 6 stopped arr 22 total 10 remain 5 wait 5
At time 37 process 5 resumed arr 18 total 8 remain 3 wait 3
At time 39 process 5 finished arr 18 total 8 remain 0 wait 3 TA 21 WTA 2.62
At time 39 process 7 resumed arr 24 total 6 remain 3 wait 7
At time 41 process 7 stopped arr 24 total 6 remain 1 wait 7
At time 41 process 8 resumed arr 26 total 3 remain 1 wait 7
At time 41 process 8 finished arr 26 total 3 remain 0 wait 7 TA 15 WTA 5.00
At time 41 process 6 resumed arr 22 total 10 remain 5 wait 5
At time 43 process 6 stopped arr 22 total 10 remain 2 wait 5
At time 43 process 7 resumed arr 24 total 6 remain 1 wait 7
At time 43 process 7 finished arr 24 total 6 remain 0 wait 7 TA 19 WTA 3.17
At time 43 process 6 resumed arr 22 total 10 remain 2 wait 5
At time 45 process 6 finished arr 22 total 10 remain 0 wait 5 TA 23 WTA 2.30
